<?xml version="1.0" encoding="UTF-8"?>
<testsuite name="ru.msu.cmc.webprak.DAOTests" tests="4" skipped="0" failures="0" errors="0" timestamp="2025-04-27T19:18:21.088Z" hostname="WIN-R0055M214TM" time="1.774">
  <properties/>
  <testcase name="testClients()" classname="ru.msu.cmc.webprak.DAOTests" time="0.718"/>
  <testcase name="testInstances()" classname="ru.msu.cmc.webprak.DAOTests" time="0.276"/>
  <testcase name="testCommon()" classname="ru.msu.cmc.webprak.DAOTests" time="0.599"/>
  <testcase name="testEmployee()" classname="ru.msu.cmc.webprak.DAOTests" time="0.178"/>
  <system-out><![CDATA[
  .   ____          _            __ _ _
 /\\ / ___'_ __ _ _(_)_ __  __ _ \ \ \ \
( ( )\___ | '_ | '_| | '_ \/ _` | \ \ \ \
 \\/  ___)| |_)| | | | | || (_| |  ) ) ) )
  '  |____| .__|_| |_|_| |_\__, | / / / /
 =========|_|==============|___/=/_/_/_/

 :: Spring Boot ::                (v3.4.5)

2025-04-27T22:18:19.297+03:00  INFO 23240 --- [webprak] [    Test worker] ru.msu.cmc.webprak.DAOTests              : Starting DAOTests using Java 17.0.15 with PID 23240 (started by user in C:\Users\user\Desktop\webprak\webprak)
2025-04-27T22:18:19.300+03:00  INFO 23240 --- [webprak] [    Test worker] ru.msu.cmc.webprak.DAOTests              : No active profile set, falling back to 1 default profile: "default"
2025-04-27T22:18:19.678+03:00  INFO 23240 --- [webprak] [    Test worker] org.hibernate.Version                    : HHH000412: Hibernate ORM core version 5.6.7.Final
2025-04-27T22:18:19.871+03:00  INFO 23240 --- [webprak] [    Test worker] o.hibernate.annotations.common.Version   : HCANN000001: Hibernate Commons Annotations {5.1.2.Final}
2025-04-27T22:18:20.232+03:00  INFO 23240 --- [webprak] [    Test worker] org.hibernate.dialect.Dialect            : HHH000400: Using dialect: org.hibernate.dialect.PostgreSQL10Dialect
2025-04-27T22:18:20.508+03:00  WARN 23240 --- [webprak] [    Test worker] org.hibernate.mapping.RootClass          : HHH000038: Composite-id class does not override equals(): ru.msu.cmc.webprak.models.InstanceID
2025-04-27T22:18:20.508+03:00  WARN 23240 --- [webprak] [    Test worker] org.hibernate.mapping.RootClass          : HHH000039: Composite-id class does not override hashCode(): ru.msu.cmc.webprak.models.InstanceID
2025-04-27T22:18:20.508+03:00  WARN 23240 --- [webprak] [    Test worker] org.hibernate.mapping.RootClass          : HHH000038: Composite-id class does not override equals(): ru.msu.cmc.webprak.models.EmployeeInstanceID
2025-04-27T22:18:20.508+03:00  WARN 23240 --- [webprak] [    Test worker] org.hibernate.mapping.RootClass          : HHH000039: Composite-id class does not override hashCode(): ru.msu.cmc.webprak.models.EmployeeInstanceID
2025-04-27T22:18:20.508+03:00  WARN 23240 --- [webprak] [    Test worker] org.hibernate.mapping.RootClass          : HHH000038: Composite-id class does not override equals(): ru.msu.cmc.webprak.models.ClientInstanceID
2025-04-27T22:18:20.508+03:00  WARN 23240 --- [webprak] [    Test worker] org.hibernate.mapping.RootClass          : HHH000039: Composite-id class does not override hashCode(): ru.msu.cmc.webprak.models.ClientInstanceID
2025-04-27T22:18:21.035+03:00  INFO 23240 --- [webprak] [    Test worker] o.h.e.t.j.p.i.JtaPlatformInitiator       : HHH000490: Using JtaPlatform implementation: [org.hibernate.engine.transaction.jta.platform.internal.NoJtaPlatform]
2025-04-27T22:18:21.074+03:00  INFO 23240 --- [webprak] [    Test worker] ru.msu.cmc.webprak.DAOTests              : Started DAOTests in 2.173 seconds (process running for 3.61)
]]></system-out>
  <system-err><![CDATA[]]></system-err>
</testsuite>
